<?xml version="1.0" encoding="UTF-8"?>
<!-- Generated by org.testng.reporters.JUnitReportReporter -->
<testsuite hostname="DESKTOP-IVRQA6E" failures="0" tests="1" name="com.test.TestFromPresentation" time="10.331" errors="0" timestamp="2025-02-28T01:25:26 MSK" skipped="0">
  <testcase classname="com.test.TestFromPresentation" name="testFormSubmission" time="10.331"/>
</testsuite> <!-- com.test.TestFromPresentation -->
